<?xml version="1.0" encoding="UTF-8"?>
<!-- Generated by org.testng.reporters.JUnitXMLReporter -->
<testsuite ignored="0" hostname="ArjunKumaresan" failures="5" tests="8" name="Demowebshoptestcases" time="65.027" errors="0" timestamp="2025-07-22T23:14:23 IST">
  <testcase classname="com.demowebshopqa.testcases.Logintest" name="VerifyLoginWithValidCredentials" time="1.293"/>
  <testcase classname="com.demowebshopqa.testcases.Logintest" name="VerifyLoginWithValidCredentials" time="11.029">
    <failure type="org.openqa.selenium.NoSuchElementException" message="no such element: Unable to locate element: {&amp;quot;method&amp;quot;:&amp;quot;link text&amp;quot;,&amp;quot;selector&amp;quot;:&amp;quot;Harsha0601@gmail.com&amp;quot;}
  (Session info: chrome=138.0.7204.158)
For documentation on this error, please visit: https://www.selenium.dev/documentation/webdriver/troubleshooting/errors#no-such-element-exception
Build info: version: &amp;apos;4.21.0&amp;apos;, revision: &amp;apos;79ed462ef4&amp;apos;
System info: os.name: &amp;apos;Windows 11&amp;apos;, os.arch: &amp;apos;amd64&amp;apos;, os.version: &amp;apos;10.0&amp;apos;, java.version: &amp;apos;17.0.14&amp;apos;
Driver info: org.openqa.selenium.chrome.ChromeDriver
Command: [ba50d35bf002b74ac0795c840db13482, findElement {using=link text, value=Harsha0601@gmail.com}]
Capabilities {acceptInsecureCerts: false, browserName: chrome, browserVersion: 138.0.7204.158, chrome: {chromedriverVersion: 138.0.7204.157 (e533e98b126..., userDataDir: C:\Users\arjun\AppData\Loca...}, fedcm:accounts: true, goog:chromeOptions: {debuggerAddress: localhost:58986}, networkConnectionEnabled: false, pageLoadStrategy: normal, platformName: windows, proxy: Proxy(), se:cdp: ws://localhost:58986/devtoo..., se:cdpVersion: 138.0.7204.158, setWindowRect: true, strictFileInteractability: false, timeouts: {implicit: 0, pageLoad: 300000, script: 30000}, unhandledPromptBehavior: dismiss and notify, webauthn:extension:credBlob: true, webauthn:extension:largeBlob: true, webauthn:extension:minPinLength: true, webauthn:extension:prf: true, webauthn:virtualAuthenticators: true}
Session ID: ba50d35bf002b74ac0795c840db13482">
      <![CDATA[org.openqa.selenium.NoSuchElementException: no such element: Unable to locate element: {"method":"link text","selector":"Harsha0601@gmail.com"}
  (Session info: chrome=138.0.7204.158)
For documentation on this error, please visit: https://www.selenium.dev/documentation/webdriver/troubleshooting/errors#no-such-element-exception
Build info: version: '4.21.0', revision: '79ed462ef4'
System info: os.name: 'Windows 11', os.arch: 'amd64', os.version: '10.0', java.version: '17.0.14'
Driver info: org.openqa.selenium.chrome.ChromeDriver
Command: [ba50d35bf002b74ac0795c840db13482, findElement {using=link text, value=Harsha0601@gmail.com}]
Capabilities {acceptInsecureCerts: false, browserName: chrome, browserVersion: 138.0.7204.158, chrome: {chromedriverVersion: 138.0.7204.157 (e533e98b126..., userDataDir: C:\Users\arjun\AppData\Loca...}, fedcm:accounts: true, goog:chromeOptions: {debuggerAddress: localhost:58986}, networkConnectionEnabled: false, pageLoadStrategy: normal, platformName: windows, proxy: Proxy(), se:cdp: ws://localhost:58986/devtoo..., se:cdpVersion: 138.0.7204.158, setWindowRect: true, strictFileInteractability: false, timeouts: {implicit: 0, pageLoad: 300000, script: 30000}, unhandledPromptBehavior: dismiss and notify, webauthn:extension:credBlob: true, webauthn:extension:largeBlob: true, webauthn:extension:minPinLength: true, webauthn:extension:prf: true, webauthn:virtualAuthenticators: true}
Session ID: ba50d35bf002b74ac0795c840db13482
at org.openqa.selenium.remote.ErrorCodec.decode(ErrorCodec.java:167)
at org.openqa.selenium.remote.codec.w3c.W3CHttpResponseCodec.decode(W3CHttpResponseCodec.java:138)
at org.openqa.selenium.remote.codec.w3c.W3CHttpResponseCodec.decode(W3CHttpResponseCodec.java:50)
at org.openqa.selenium.remote.HttpCommandExecutor.execute(HttpCommandExecutor.java:190)
at org.openqa.selenium.remote.service.DriverCommandExecutor.invokeExecute(DriverCommandExecutor.java:216)
at org.openqa.selenium.remote.service.DriverCommandExecutor.execute(DriverCommandExecutor.java:174)
at org.openqa.selenium.remote.RemoteWebDriver.execute(RemoteWebDriver.java:518)
at org.openqa.selenium.remote.ElementLocation$ElementFinder$2.findElement(ElementLocation.java:165)
at org.openqa.selenium.remote.ElementLocation.findElement(ElementLocation.java:59)
at org.openqa.selenium.remote.RemoteWebDriver.findElement(RemoteWebDriver.java:355)
at org.openqa.selenium.remote.RemoteWebDriver.findElement(RemoteWebDriver.java:349)
at org.openqa.selenium.support.pagefactory.DefaultElementLocator.findElement(DefaultElementLocator.java:68)
at org.openqa.selenium.support.pagefactory.internal.LocatingElementHandler.invoke(LocatingElementHandler.java:38)
at jdk.proxy2/jdk.proxy2.$Proxy15.isDisplayed(Unknown Source)
at com.Demowebshopqa.pages.Homepage.mail(Homepage.java:36)
at com.demowebshopqa.testcases.Logintest.VerifyLoginWithValidCredentials(Logintest.java:55)
at java.base/java.util.ArrayList.forEach(ArrayList.java:1511)
... Removed 32 stack frames]]>
    </failure>
  </testcase> <!-- VerifyLoginWithValidCredentials -->
  <testcase classname="com.demowebshopqa.testcases.Logintest" name="VerifyloginWithValidemailAndinvalidpassword" time="0.016">
    <failure type="java.lang.IllegalArgumentException" message="Keys to send should be a not null CharSequence">
      <![CDATA[java.lang.IllegalArgumentException: Keys to send should be a not null CharSequence
at org.openqa.selenium.remote.RemoteWebElement.sendKeys(RemoteWebElement.java:96)
at org.openqa.selenium.support.pagefactory.internal.LocatingElementHandler.invoke(LocatingElementHandler.java:51)
at jdk.proxy2/jdk.proxy2.$Proxy15.sendKeys(Unknown Source)
at com.Demowebshopqa.pages.Loginpage.logindetails(Loginpage.java:31)
at com.demowebshopqa.testcases.Logintest.VerifyloginWithValidemailAndinvalidpassword(Logintest.java:84)
at java.base/java.util.ArrayList.forEach(ArrayList.java:1511)
... Removed 31 stack frames]]>
    </failure>
  </testcase> <!-- VerifyloginWithValidemailAndinvalidpassword -->
  <testcase classname="com.demowebshopqa.testcases.Logintest" name="VerifyLoginWithInvalidCredentials" time="0.167">
    <failure type="java.lang.IllegalArgumentException" message="Keys to send should be a not null CharSequence">
      <![CDATA[java.lang.IllegalArgumentException: Keys to send should be a not null CharSequence
at org.openqa.selenium.remote.RemoteWebElement.sendKeys(RemoteWebElement.java:96)
at org.openqa.selenium.support.pagefactory.internal.LocatingElementHandler.invoke(LocatingElementHandler.java:51)
at jdk.proxy2/jdk.proxy2.$Proxy15.sendKeys(Unknown Source)
at com.Demowebshopqa.pages.Loginpage.logindetails(Loginpage.java:32)
at com.demowebshopqa.testcases.Logintest.VerifyLoginWithInvalidCredentials(Logintest.java:72)
at java.base/java.util.ArrayList.forEach(ArrayList.java:1511)
... Removed 31 stack frames]]>
    </failure>
  </testcase> <!-- VerifyLoginWithInvalidCredentials -->
  <testcase classname="com.demowebshopqa.testcases.Registertest" name="VerifywithEmptyPasswordfields" time="0.346"/>
  <testcase classname="com.demowebshopqa.testcases.Registertest" name="VerifyregisterWithValidDetails" time="1.362"/>
  <testcase classname="com.demowebshopqa.testcases.Searchtest" name="VerifySearchWithInvalidProduct" time="0.818">
    <failure type="java.lang.NullPointerException" message="Cannot invoke &amp;quot;com.Demowebshopqa.pages.Searchresultspage.errorresultcontent()&amp;quot; because &amp;quot;this.srp&amp;quot; is null">
      <![CDATA[java.lang.NullPointerException: Cannot invoke "com.Demowebshopqa.pages.Searchresultspage.errorresultcontent()" because "this.srp" is null
at com.demowebshopqa.testcases.Searchtest.VerifySearchWithInvalidProduct(Searchtest.java:53)
at java.base/java.util.ArrayList.forEach(ArrayList.java:1511)
... Removed 27 stack frames]]>
    </failure>
  </testcase> <!-- VerifySearchWithInvalidProduct -->
  <testcase classname="com.demowebshopqa.testcases.Searchtest" name="VerifySearchWithValidProduct" time="0.902">
    <failure type="java.lang.NullPointerException" message="Cannot invoke &amp;quot;com.Demowebshopqa.pages.Searchresultspage.resultcontent()&amp;quot; because &amp;quot;this.srp&amp;quot; is null">
      <![CDATA[java.lang.NullPointerException: Cannot invoke "com.Demowebshopqa.pages.Searchresultspage.resultcontent()" because "this.srp" is null
at com.demowebshopqa.testcases.Searchtest.VerifySearchWithValidProduct(Searchtest.java:43)
at java.base/java.util.ArrayList.forEach(ArrayList.java:1511)
... Removed 27 stack frames]]>
    </failure>
  </testcase> <!-- VerifySearchWithValidProduct -->
</testsuite> <!-- Demowebshoptestcases -->
